<?xml version="1.0" encoding="UTF-8"?>
<!-- Generated by org.testng.reporters.JUnitXMLReporter -->
<testsuite ignored="0" hostname="DESKTOP-EQ55Q8H" failures="0" tests="3" name="Default test" time="0.032" errors="0" timestamp="2022-04-20T02:23:40 IST">
  <testcase classname="com.testng.features.Dataprovider_Concept" name="credentials" time="0.004"/>
  <testcase classname="com.testng.features.Dataprovider_Concept" name="credentials" time="0.001"/>
  <testcase classname="com.testng.features.Dataprovider_Concept" name="credentials" time="0.001"/>
</testsuite> <!-- Default test -->
