<?xml version="1.0" encoding="UTF-8"?>
<!-- Generated by org.testng.reporters.JUnitXMLReporter -->
<testsuite ignored="5" hostname="DESKTOP-EQ55Q8H" failures="0" tests="2" name="Test" time="0.03" errors="0" timestamp="2022-07-31T17:21:07 IST">
  <testcase classname="com.testng.features.Grouping_Concept" name="panner" time="0.005"/>
  <testcase classname="com.testng.features.Grouping_Concept" name="shawarma" time="0.001"/>
  <testcase classname="com.testng.features.Grouping_Concept" name="chicken" time="0.0">
    <ignored/>
  </testcase> <!-- chicken -->
  <testcase classname="com.testng.features.Grouping_Concept" name="tatAltroz" time="0.0">
    <ignored/>
  </testcase> <!-- tatAltroz -->
  <testcase classname="com.testng.features.Grouping_Concept" name="fish" time="0.0">
    <ignored/>
  </testcase> <!-- fish -->
  <testcase classname="com.testng.features.Grouping_Concept" name="prawn" time="0.0">
    <ignored/>
  </testcase> <!-- prawn -->
  <testcase classname="com.testng.features.Grouping_Concept" name="r15m" time="0.0">
    <ignored/>
  </testcase> <!-- r15m -->
</testsuite> <!-- Test -->
