<?xml version="1.0" encoding="UTF-8"?>
<testng-results ignored="0" total="3" passed="3" failed="0" skipped="0">
  <reporter-output>
  </reporter-output>
  <suite started-at="2022-04-20T02:23:40 IST" name="Default suite" finished-at="2022-04-20T02:23:40 IST" duration-ms="32">
    <groups>
    </groups>
    <test started-at="2022-04-20T02:23:40 IST" name="Default test" finished-at="2022-04-20T02:23:40 IST" duration-ms="32">
      <class name="com.testng.features.Dataprovider_Concept">
        <test-method signature="credentials(java.lang.String,java.lang.String)[pri:0, instance:com.testng.features.Dataprovider_Concept@a3d8174]" started-at="2022-04-20T02:23:40 IST" name="credentials" data-provider="inputdata" finished-at="2022-04-20T02:23:40 IST" duration-ms="4" status="PASS">
          <params>
            <param index="0">
              <value>
                <![CDATA[dhanush]]>
              </value>
            </param>
            <param index="1">
              <value>
                <![CDATA[123]]>
              </value>
            </param>
          </params>
          <reporter-output>
          </reporter-output>
        </test-method> <!-- credentials -->
        <test-method signature="credentials(java.lang.String,java.lang.String)[pri:0, instance:com.testng.features.Dataprovider_Concept@a3d8174]" started-at="2022-04-20T02:23:40 IST" name="credentials" data-provider="inputdata" finished-at="2022-04-20T02:23:40 IST" duration-ms="1" status="PASS">
          <params>
            <param index="0">
              <value>
                <![CDATA[divya]]>
              </value>
            </param>
            <param index="1">
              <value>
                <![CDATA[456]]>
              </value>
            </param>
          </params>
          <reporter-output>
          </reporter-output>
        </test-method> <!-- credentials -->
        <test-method signature="credentials(java.lang.String,java.lang.String)[pri:0, instance:com.testng.features.Dataprovider_Concept@a3d8174]" started-at="2022-04-20T02:23:40 IST" name="credentials" data-provider="inputdata" finished-at="2022-04-20T02:23:40 IST" duration-ms="1" status="PASS">
          <params>
            <param index="0">
              <value>
                <![CDATA[subi]]>
              </value>
            </param>
            <param index="1">
              <value>
                <![CDATA[789]]>
              </value>
            </param>
          </params>
          <reporter-output>
          </reporter-output>
        </test-method> <!-- credentials -->
      </class> <!-- com.testng.features.Dataprovider_Concept -->
    </test> <!-- Default test -->
  </suite> <!-- Default suite -->
</testng-results>
