<?xml version="1.0" encoding="UTF-8"?>
<testng-results ignored="5" total="7" passed="2" failed="0" skipped="0">
  <reporter-output>
  </reporter-output>
  <suite started-at="2022-07-31T17:21:07 IST" name="Suite" finished-at="2022-07-31T17:21:07 IST" duration-ms="30">
    <groups>
      <group name="Veg">
        <method signature="Grouping_Concept.panner()[pri:0, instance:com.testng.features.Grouping_Concept@41e1e210]" name="panner" class="com.testng.features.Grouping_Concept"/>
        <method signature="Grouping_Concept.shawarma()[pri:0, instance:com.testng.features.Grouping_Concept@41e1e210]" name="shawarma" class="com.testng.features.Grouping_Concept"/>
      </group> <!-- Veg -->
    </groups>
    <test started-at="2022-07-31T17:21:07 IST" name="Test" finished-at="2022-07-31T17:21:07 IST" duration-ms="30">
      <class name="com.testng.features.Grouping_Concept">
        <test-method signature="panner()[pri:0, instance:com.testng.features.Grouping_Concept@41e1e210]" started-at="2022-07-31T17:21:07 IST" name="panner" finished-at="2022-07-31T17:21:07 IST" duration-ms="5" status="PASS">
          <reporter-output>
          </reporter-output>
        </test-method> <!-- panner -->
        <test-method signature="shawarma()[pri:0, instance:com.testng.features.Grouping_Concept@41e1e210]" started-at="2022-07-31T17:21:07 IST" name="shawarma" finished-at="2022-07-31T17:21:07 IST" duration-ms="1" status="PASS">
          <reporter-output>
          </reporter-output>
        </test-method> <!-- shawarma -->
      </class> <!-- com.testng.features.Grouping_Concept -->
    </test> <!-- Test -->
  </suite> <!-- Suite -->
</testng-results>
